{"/Users/harshvardhan/Yosemite-Crew/apps/backend/src/controllers/web/user.controller.ts": {"path":"/Users/harshvardhan/Yosemite-Crew/apps/backend/src/controllers/web/user.controller.ts","statementMap":{"0":{"start":{"line":2,"column":0},"end":{"line":2,"column":39}},"1":{"start":{"line":3,"column":0},"end":{"line":3,"column":99}},"2":{"start":{"line":8,"column":13},"end":{"line":51,"column":null}},"3":{"start":{"line":9,"column":60},"end":{"line":29,"column":null}},"4":{"start":{"line":10,"column":8},"end":{"line":28,"column":null}},"5":{"start":{"line":11,"column":41},"end":{"line":11,"column":49}},"6":{"start":{"line":13,"column":12},"end":{"line":16,"column":null}},"7":{"start":{"line":14,"column":16},"end":{"line":14,"column":null}},"8":{"start":{"line":15,"column":16},"end":{"line":15,"column":22}},"9":{"start":{"line":18,"column":25},"end":{"line":18,"column":83}},"10":{"start":{"line":19,"column":12},"end":{"line":19,"column":null}},"11":{"start":{"line":21,"column":12},"end":{"line":24,"column":null}},"12":{"start":{"line":22,"column":16},"end":{"line":22,"column":null}},"13":{"start":{"line":23,"column":16},"end":{"line":23,"column":22}},"14":{"start":{"line":26,"column":12},"end":{"line":26,"column":null}},"15":{"start":{"line":27,"column":12},"end":{"line":27,"column":null}},"16":{"start":{"line":31,"column":58},"end":{"line":50,"column":null}},"17":{"start":{"line":32,"column":8},"end":{"line":49,"column":null}},"18":{"start":{"line":33,"column":25},"end":{"line":33,"column":66}},"19":{"start":{"line":35,"column":12},"end":{"line":38,"column":null}},"20":{"start":{"line":36,"column":16},"end":{"line":36,"column":null}},"21":{"start":{"line":37,"column":16},"end":{"line":37,"column":22}},"22":{"start":{"line":40,"column":12},"end":{"line":40,"column":null}},"23":{"start":{"line":42,"column":12},"end":{"line":45,"column":null}},"24":{"start":{"line":43,"column":16},"end":{"line":43,"column":null}},"25":{"start":{"line":44,"column":16},"end":{"line":44,"column":22}},"26":{"start":{"line":47,"column":12},"end":{"line":47,"column":null}},"27":{"start":{"line":48,"column":12},"end":{"line":48,"column":null}}},"fnMap":{"0":{"name":"(anonymous_8)","decl":{"start":{"line":9,"column":12},"end":{"line":9,"column":19}},"loc":{"start":{"line":9,"column":60},"end":{"line":29,"column":null}}},"1":{"name":"(anonymous_9)","decl":{"start":{"line":9,"column":60},"end":{"line":9,"column":null}},"loc":{"start":{"line":9,"column":60},"end":{"line":29,"column":5}}},"2":{"name":"(anonymous_10)","decl":{"start":{"line":31,"column":13},"end":{"line":31,"column":20}},"loc":{"start":{"line":31,"column":58},"end":{"line":50,"column":null}}},"3":{"name":"(anonymous_11)","decl":{"start":{"line":31,"column":58},"end":{"line":31,"column":null}},"loc":{"start":{"line":31,"column":58},"end":{"line":50,"column":5}}}},"branchMap":{"0":{"loc":{"start":{"line":13,"column":12},"end":{"line":16,"column":null}},"type":"if","locations":[{"start":{"line":13,"column":12},"end":{"line":16,"column":null}}]},"1":{"loc":{"start":{"line":13,"column":16},"end":{"line":13,"column":93}},"type":"binary-expr","locations":[{"start":{"line":13,"column":16},"end":{"line":13,"column":28}},{"start":{"line":13,"column":32},"end":{"line":13,"column":63}},{"start":{"line":13,"column":67},"end":{"line":13,"column":93}}]},"2":{"loc":{"start":{"line":21,"column":12},"end":{"line":24,"column":null}},"type":"if","locations":[{"start":{"line":21,"column":12},"end":{"line":24,"column":null}}]},"3":{"loc":{"start":{"line":33,"column":51},"end":{"line":33,"column":65}},"type":"cond-expr","locations":[{"start":{"line":33,"column":61},"end":{"line":33,"column":63}},{"start":{"line":33,"column":61},"end":{"line":33,"column":65}}]},"4":{"loc":{"start":{"line":33,"column":51},"end":{"line":33,"column":63}},"type":"binary-expr","locations":[{"start":{"line":33,"column":51},"end":{"line":33,"column":63}},{"start":{"line":33,"column":61},"end":{"line":33,"column":63}}]},"5":{"loc":{"start":{"line":35,"column":12},"end":{"line":38,"column":null}},"type":"if","locations":[{"start":{"line":35,"column":12},"end":{"line":38,"column":null}}]},"6":{"loc":{"start":{"line":42,"column":12},"end":{"line":45,"column":null}},"type":"if","locations":[{"start":{"line":42,"column":12},"end":{"line":45,"column":null}}]}},"s":{"0":1,"1":1,"2":1,"3":4,"4":4,"5":4,"6":4,"7":1,"8":1,"9":3,"10":1,"11":2,"12":1,"13":1,"14":1,"15":1,"16":4,"17":4,"18":4,"19":2,"20":1,"21":1,"22":1,"23":2,"24":1,"25":1,"26":1,"27":1},"f":{"0":4,"1":4,"2":4,"3":4},"b":{"0":[1],"1":[4,3,3],"2":[1],"3":[0,4],"4":[4,4],"5":[1],"6":[1]}}
,"/Users/harshvardhan/Yosemite-Crew/apps/backend/src/middelwares/upload.ts": {"path":"/Users/harshvardhan/Yosemite-Crew/apps/backend/src/middelwares/upload.ts","statementMap":{"0":{"start":{"line":2,"column":0},"end":{"line":2,"column":26}},"1":{"start":{"line":3,"column":0},"end":{"line":3,"column":24}},"2":{"start":{"line":4,"column":0},"end":{"line":4,"column":49}},"3":{"start":{"line":5,"column":0},"end":{"line":5,"column":36}},"4":{"start":{"line":13,"column":27},"end":{"line":13,"column":73}},"5":{"start":{"line":16,"column":11},"end":{"line":20,"column":2}},"6":{"start":{"line":28,"column":23},"end":{"line":28,"column":53}},"7":{"start":{"line":30,"column":4},"end":{"line":32,"column":null}},"8":{"start":{"line":31,"column":8},"end":{"line":31,"column":87}},"9":{"start":{"line":33,"column":44},"end":{"line":39,"column":6}},"10":{"start":{"line":41,"column":5},"end":{"line":52,"column":null}},"11":{"start":{"line":42,"column":21},"end":{"line":42,"column":54}},"12":{"start":{"line":43,"column":8},"end":{"line":46,"column":10}},"13":{"start":{"line":48,"column":8},"end":{"line":50,"column":null}},"14":{"start":{"line":49,"column":12},"end":{"line":49,"column":74}},"15":{"start":{"line":51,"column":8},"end":{"line":51,"column":62}},"16":{"start":{"line":64,"column":4},"end":{"line":93,"column":null}},"17":{"start":{"line":65,"column":8},"end":{"line":67,"column":null}},"18":{"start":{"line":66,"column":12},"end":{"line":66,"column":49}},"19":{"start":{"line":69,"column":8},"end":{"line":71,"column":null}},"20":{"start":{"line":70,"column":12},"end":{"line":70,"column":54}},"21":{"start":{"line":73,"column":29},"end":{"line":73,"column":66}},"22":{"start":{"line":74,"column":30},"end":{"line":74,"column":56}},"23":{"start":{"line":75,"column":25},"end":{"line":75,"column":68}},"24":{"start":{"line":77,"column":28},"end":{"line":77,"column":37}},"25":{"start":{"line":78,"column":25},"end":{"line":78,"column":38}},"26":{"start":{"line":80,"column":34},"end":{"line":80,"column":83}},"27":{"start":{"line":82,"column":8},"end":{"line":87,"column":10}},"28":{"start":{"line":91,"column":8},"end":{"line":91,"column":58}},"29":{"start":{"line":92,"column":8},"end":{"line":92,"column":18}},"30":{"start":{"line":165,"column":9},"end":{"line":165,"column":25}},"31":{"start":{"line":98,"column":27},"end":{"line":98,"column":82}},"32":{"start":{"line":98,"column":47},"end":{"line":98,"column":81}},"33":{"start":{"line":99,"column":4},"end":{"line":99,"column":39}},"34":{"start":{"line":165,"column":27},"end":{"line":165,"column":51}},"35":{"start":{"line":102,"column":28},"end":{"line":114,"column":1}},"36":{"start":{"line":103,"column":4},"end":{"line":113,"column":null}},"37":{"start":{"line":106,"column":12},"end":{"line":106,"column":26}},"38":{"start":{"line":108,"column":12},"end":{"line":108,"column":26}},"39":{"start":{"line":110,"column":12},"end":{"line":110,"column":26}},"40":{"start":{"line":112,"column":12},"end":{"line":112,"column":22}},"41":{"start":{"line":120,"column":51},"end":{"line":120,"column":58}},"42":{"start":{"line":122,"column":4},"end":{"line":124,"column":null}},"43":{"start":{"line":123,"column":8},"end":{"line":123,"column":50}},"44":{"start":{"line":126,"column":25},"end":{"line":126,"column":75}},"45":{"start":{"line":127,"column":22},"end":{"line":127,"column":81}},"46":{"start":{"line":128,"column":21},"end":{"line":128,"column":60}},"47":{"start":{"line":129,"column":38},"end":{"line":133,"column":22}},"48":{"start":{"line":134,"column":30},"end":{"line":134,"column":74}},"49":{"start":{"line":136,"column":4},"end":{"line":141,"column":null}},"50":{"start":{"line":165,"column":53},"end":{"line":165,"column":71}},"51":{"start":{"line":145,"column":23},"end":{"line":145,"column":53}},"52":{"start":{"line":147,"column":4},"end":{"line":149,"column":null}},"53":{"start":{"line":148,"column":8},"end":{"line":148,"column":87}},"54":{"start":{"line":151,"column":25},"end":{"line":154,"column":8}},"55":{"start":{"line":155,"column":6},"end":{"line":162,"column":null}},"56":{"start":{"line":156,"column":27},"end":{"line":156,"column":70}},"57":{"start":{"line":157,"column":8},"end":{"line":157,"column":26}},"58":{"start":{"line":160,"column":8},"end":{"line":160,"column":53}},"59":{"start":{"line":165,"column":73},"end":{"line":165,"column":85}}},"fnMap":{"0":{"name":"uploadToS3","decl":{"start":{"line":23,"column":15},"end":{"line":23,"column":25}},"loc":{"start":{"line":26,"column":20},"end":{"line":53,"column":null}}},"1":{"name":"handleFileUpload","decl":{"start":{"line":63,"column":15},"end":{"line":63,"column":31}},"loc":{"start":{"line":63,"column":70},"end":{"line":94,"column":null}}},"2":{"name":"handleMultipleFileUpload","decl":{"start":{"line":97,"column":15},"end":{"line":97,"column":39}},"loc":{"start":{"line":97,"column":84},"end":{"line":100,"column":null}}},"3":{"name":"(anonymous_14)","decl":{"start":{"line":98,"column":37},"end":{"line":98,"column":38}},"loc":{"start":{"line":98,"column":47},"end":{"line":98,"column":81}}},"4":{"name":"(anonymous_15)","decl":{"start":{"line":102,"column":28},"end":{"line":102,"column":29}},"loc":{"start":{"line":102,"column":57},"end":{"line":114,"column":1}}},"5":{"name":"uploadBufferAsFile","decl":{"start":{"line":116,"column":15},"end":{"line":116,"column":33}},"loc":{"start":{"line":118,"column":76},"end":{"line":142,"column":null}}},"6":{"name":"deleteFromS3","decl":{"start":{"line":144,"column":15},"end":{"line":144,"column":27}},"loc":{"start":{"line":144,"column":41},"end":{"line":163,"column":null}}}},"branchMap":{"0":{"loc":{"start":{"line":30,"column":4},"end":{"line":32,"column":null}},"type":"if","locations":[{"start":{"line":30,"column":4},"end":{"line":32,"column":null}}]},"1":{"loc":{"start":{"line":48,"column":8},"end":{"line":50,"column":null}},"type":"if","locations":[{"start":{"line":48,"column":8},"end":{"line":50,"column":null}}]},"2":{"loc":{"start":{"line":65,"column":8},"end":{"line":67,"column":null}},"type":"if","locations":[{"start":{"line":65,"column":8},"end":{"line":67,"column":null}}]},"3":{"loc":{"start":{"line":69,"column":8},"end":{"line":71,"column":null}},"type":"if","locations":[{"start":{"line":69,"column":8},"end":{"line":71,"column":null}}]},"4":{"loc":{"start":{"line":73,"column":29},"end":{"line":73,"column":66}},"type":"binary-expr","locations":[{"start":{"line":73,"column":29},"end":{"line":73,"column":56}},{"start":{"line":73,"column":60},"end":{"line":73,"column":66}}]},"5":{"loc":{"start":{"line":97,"column":63},"end":{"line":97,"column":84}},"type":"default-arg","locations":[{"start":{"line":97,"column":76},"end":{"line":97,"column":84}}]},"6":{"loc":{"start":{"line":103,"column":4},"end":{"line":113,"column":null}},"type":"switch","locations":[{"start":{"line":104,"column":8},"end":{"line":104,"column":26}},{"start":{"line":105,"column":8},"end":{"line":106,"column":26}},{"start":{"line":107,"column":8},"end":{"line":108,"column":26}},{"start":{"line":109,"column":8},"end":{"line":110,"column":26}},{"start":{"line":111,"column":8},"end":{"line":112,"column":22}}]},"7":{"loc":{"start":{"line":122,"column":4},"end":{"line":124,"column":null}},"type":"if","locations":[{"start":{"line":122,"column":4},"end":{"line":124,"column":null}}]},"8":{"loc":{"start":{"line":126,"column":25},"end":{"line":126,"column":75}},"type":"binary-expr","locations":[{"start":{"line":126,"column":25},"end":{"line":126,"column":65}},{"start":{"line":126,"column":69},"end":{"line":126,"column":75}}]},"9":{"loc":{"start":{"line":126,"column":42},"end":{"line":126,"column":64}},"type":"cond-expr","locations":[{"start":{"line":126,"column":42},"end":{"line":126,"column":54}},{"start":{"line":126,"column":58},"end":{"line":126,"column":64}}]},"10":{"loc":{"start":{"line":126,"column":42},"end":{"line":126,"column":58}},"type":"binary-expr","locations":[{"start":{"line":126,"column":42},"end":{"line":126,"column":58}},{"start":{"line":126,"column":42},"end":{"line":126,"column":58}}]},"11":{"loc":{"start":{"line":127,"column":22},"end":{"line":127,"column":81}},"type":"binary-expr","locations":[{"start":{"line":127,"column":22},"end":{"line":127,"column":48}},{"start":{"line":127,"column":52},"end":{"line":127,"column":81}}]},"12":{"loc":{"start":{"line":129,"column":38},"end":{"line":133,"column":22}},"type":"cond-expr","locations":[{"start":{"line":130,"column":10},"end":{"line":132,"column":43}},{"start":{"line":133,"column":10},"end":{"line":133,"column":22}}]},"13":{"loc":{"start":{"line":130,"column":10},"end":{"line":132,"column":43}},"type":"cond-expr","locations":[{"start":{"line":131,"column":14},"end":{"line":131,"column":26}},{"start":{"line":132,"column":14},"end":{"line":132,"column":43}}]},"14":{"loc":{"start":{"line":147,"column":4},"end":{"line":149,"column":null}},"type":"if","locations":[{"start":{"line":147,"column":4},"end":{"line":149,"column":null}}]}},"s":{"0":1,"1":1,"2":1,"3":1,"4":1,"5":1,"6":0,"7":0,"8":0,"9":0,"10":0,"11":0,"12":0,"13":0,"14":0,"15":0,"16":0,"17":0,"18":0,"19":0,"20":0,"21":0,"22":0,"23":0,"24":0,"25":0,"26":0,"27":0,"28":0,"29":0,"30":1,"31":0,"32":0,"33":0,"34":1,"35":1,"36":0,"37":0,"38":0,"39":0,"40":0,"41":0,"42":0,"43":0,"44":0,"45":0,"46":0,"47":0,"48":0,"49":0,"50":1,"51":0,"52":0,"53":0,"54":0,"55":0,"56":0,"57":0,"58":0,"59":1},"f":{"0":0,"1":0,"2":0,"3":0,"4":0,"5":0,"6":0},"b":{"0":[0],"1":[0],"2":[0],"3":[0],"4":[0,0],"5":[0],"6":[0,0,0,0,0],"7":[0],"8":[0,0],"9":[0,0],"10":[0,0],"11":[0,0],"12":[0,0],"13":[0,0],"14":[0]}}
,"/Users/harshvardhan/Yosemite-Crew/apps/backend/src/models/user.ts": {"path":"/Users/harshvardhan/Yosemite-Crew/apps/backend/src/models/user.ts","statementMap":{"0":{"start":{"line":1,"column":0},"end":{"line":1,"column":63}},"1":{"start":{"line":9,"column":19},"end":{"line":17,"column":null}},"2":{"start":{"line":22,"column":18},"end":{"line":22,"column":54}},"3":{"start":{"line":24,"column":0},"end":{"line":24,"column":null}}},"fnMap":{},"branchMap":{},"s":{"0":1,"1":1,"2":1,"3":1},"f":{},"b":{}}
,"/Users/harshvardhan/Yosemite-Crew/apps/backend/src/services/user.service.ts": {"path":"/Users/harshvardhan/Yosemite-Crew/apps/backend/src/services/user.service.ts","statementMap":{"0":{"start":{"line":1,"column":0},"end":{"line":1,"column":33}},"1":{"start":{"line":2,"column":0},"end":{"line":2,"column":77}},"2":{"start":{"line":6,"column":8},"end":{"line":6,"column":null}},"3":{"start":{"line":5,"column":49},"end":{"line":5,"column":67}},"4":{"start":{"line":7,"column":8},"end":{"line":7,"column":null}},"5":{"start":{"line":4,"column":0},"end":{"line":4,"column":13}},"6":{"start":{"line":17,"column":22},"end":{"line":33,"column":1}},"7":{"start":{"line":18,"column":4},"end":{"line":20,"column":null}},"8":{"start":{"line":19,"column":8},"end":{"line":19,"column":null}},"9":{"start":{"line":22,"column":4},"end":{"line":24,"column":null}},"10":{"start":{"line":23,"column":8},"end":{"line":23,"column":null}},"11":{"start":{"line":26,"column":20},"end":{"line":26,"column":32}},"12":{"start":{"line":28,"column":4},"end":{"line":30,"column":null}},"13":{"start":{"line":29,"column":8},"end":{"line":29,"column":null}},"14":{"start":{"line":32,"column":4},"end":{"line":32,"column":null}},"15":{"start":{"line":35,"column":18},"end":{"line":45,"column":1}},"16":{"start":{"line":36,"column":4},"end":{"line":38,"column":null}},"17":{"start":{"line":37,"column":8},"end":{"line":37,"column":null}},"18":{"start":{"line":40,"column":4},"end":{"line":42,"column":null}},"19":{"start":{"line":41,"column":8},"end":{"line":41,"column":null}},"20":{"start":{"line":44,"column":4},"end":{"line":44,"column":null}},"21":{"start":{"line":47,"column":31},"end":{"line":62,"column":1}},"22":{"start":{"line":48,"column":19},"end":{"line":48,"column":55}},"23":{"start":{"line":49,"column":18},"end":{"line":49,"column":55}},"24":{"start":{"line":51,"column":4},"end":{"line":53,"column":null}},"25":{"start":{"line":52,"column":8},"end":{"line":52,"column":null}},"26":{"start":{"line":55,"column":21},"end":{"line":55,"column":60}},"27":{"start":{"line":57,"column":4},"end":{"line":61,"column":null}},"28":{"start":{"line":70,"column":21},"end":{"line":78,"column":1}},"29":{"start":{"line":71,"column":40},"end":{"line":71,"column":48}},"30":{"start":{"line":73,"column":4},"end":{"line":77,"column":null}},"31":{"start":{"line":80,"column":13},"end":{"line":108,"column":null}},"32":{"start":{"line":82,"column":27},"end":{"line":82,"column":58}},"33":{"start":{"line":84,"column":25},"end":{"line":86,"column":10}},"34":{"start":{"line":88,"column":8},"end":{"line":90,"column":null}},"35":{"start":{"line":89,"column":12},"end":{"line":89,"column":null}},"36":{"start":{"line":92,"column":25},"end":{"line":92,"column":59}},"37":{"start":{"line":94,"column":8},"end":{"line":94,"column":null}},"38":{"start":{"line":98,"column":23},"end":{"line":98,"column":51}},"39":{"start":{"line":100,"column":25},"end":{"line":100,"column":60}},"40":{"start":{"line":102,"column":8},"end":{"line":104,"column":null}},"41":{"start":{"line":103,"column":12},"end":{"line":103,"column":null}},"42":{"start":{"line":106,"column":8},"end":{"line":106,"column":null}}},"fnMap":{"0":{"name":"(anonymous_8)","decl":{"start":{"line":5,"column":4},"end":{"line":5,"column":16}},"loc":{"start":{"line":5,"column":67},"end":{"line":8,"column":5}}},"1":{"name":"(anonymous_9)","decl":{"start":{"line":17,"column":22},"end":{"line":17,"column":23}},"loc":{"start":{"line":17,"column":64},"end":{"line":33,"column":1}}},"2":{"name":"(anonymous_10)","decl":{"start":{"line":35,"column":18},"end":{"line":35,"column":19}},"loc":{"start":{"line":35,"column":61},"end":{"line":45,"column":1}}},"3":{"name":"(anonymous_11)","decl":{"start":{"line":47,"column":31},"end":{"line":47,"column":32}},"loc":{"start":{"line":47,"column":73},"end":{"line":62,"column":1}}},"4":{"name":"(anonymous_12)","decl":{"start":{"line":70,"column":21},"end":{"line":70,"column":22}},"loc":{"start":{"line":70,"column":60},"end":{"line":78,"column":1}}},"5":{"name":"(anonymous_13)","decl":{"start":{"line":81,"column":10},"end":{"line":81,"column":16}},"loc":{"start":{"line":81,"column":43},"end":{"line":95,"column":null}}},"6":{"name":"(anonymous_15)","decl":{"start":{"line":97,"column":10},"end":{"line":97,"column":17}},"loc":{"start":{"line":97,"column":29},"end":{"line":107,"column":null}}}},"branchMap":{"0":{"loc":{"start":{"line":18,"column":4},"end":{"line":20,"column":null}},"type":"if","locations":[{"start":{"line":18,"column":4},"end":{"line":20,"column":null}}]},"1":{"loc":{"start":{"line":22,"column":4},"end":{"line":24,"column":null}},"type":"if","locations":[{"start":{"line":22,"column":4},"end":{"line":24,"column":null}}]},"2":{"loc":{"start":{"line":28,"column":4},"end":{"line":30,"column":null}},"type":"if","locations":[{"start":{"line":28,"column":4},"end":{"line":30,"column":null}}]},"3":{"loc":{"start":{"line":36,"column":4},"end":{"line":38,"column":null}},"type":"if","locations":[{"start":{"line":36,"column":4},"end":{"line":38,"column":null}}]},"4":{"loc":{"start":{"line":40,"column":4},"end":{"line":42,"column":null}},"type":"if","locations":[{"start":{"line":40,"column":4},"end":{"line":42,"column":null}}]},"5":{"loc":{"start":{"line":51,"column":4},"end":{"line":53,"column":null}},"type":"if","locations":[{"start":{"line":51,"column":4},"end":{"line":53,"column":null}}]},"6":{"loc":{"start":{"line":88,"column":8},"end":{"line":90,"column":null}},"type":"if","locations":[{"start":{"line":88,"column":8},"end":{"line":90,"column":null}}]},"7":{"loc":{"start":{"line":102,"column":8},"end":{"line":104,"column":null}},"type":"if","locations":[{"start":{"line":102,"column":8},"end":{"line":104,"column":null}}]}},"s":{"0":2,"1":2,"2":5,"3":5,"4":5,"5":2,"6":2,"7":11,"8":0,"9":11,"10":0,"11":11,"12":11,"13":1,"14":10,"15":2,"16":3,"17":2,"18":1,"19":1,"20":0,"21":2,"22":4,"23":4,"24":4,"25":1,"26":3,"27":3,"28":2,"29":3,"30":3,"31":2,"32":4,"33":3,"34":3,"35":1,"36":2,"37":2,"38":3,"39":2,"40":2,"41":1,"42":1},"f":{"0":5,"1":11,"2":3,"3":4,"4":3,"5":4,"6":3},"b":{"0":[0],"1":[0],"2":[1],"3":[2],"4":[1],"5":[1],"6":[1],"7":[1]}}
,"/Users/harshvardhan/Yosemite-Crew/apps/backend/src/utils/helper.ts": {"path":"/Users/harshvardhan/Yosemite-Crew/apps/backend/src/utils/helper.ts","statementMap":{"0":{"start":{"line":1,"column":0},"end":{"line":1,"column":78}},"1":{"start":{"line":2,"column":0},"end":{"line":2,"column":29}},"2":{"start":{"line":3,"column":0},"end":{"line":3,"column":28}},"3":{"start":{"line":10,"column":17},"end":{"line":143,"column":null}},"4":{"start":{"line":12,"column":14},"end":{"line":12,"column":28}},"5":{"start":{"line":13,"column":15},"end":{"line":13,"column":41}},"6":{"start":{"line":14,"column":16},"end":{"line":14,"column":30}},"7":{"start":{"line":15,"column":2},"end":{"line":15,"column":49}},"8":{"start":{"line":18,"column":2},"end":{"line":18,"column":66}},"9":{"start":{"line":27,"column":4},"end":{"line":37,"column":6}},"10":{"start":{"line":40,"column":29},"end":{"line":40,"column":47}},"11":{"start":{"line":42,"column":28},"end":{"line":42,"column":46}},"12":{"start":{"line":43,"column":4},"end":{"line":43,"column":31}},"13":{"start":{"line":45,"column":4},"end":{"line":47,"column":null}},"14":{"start":{"line":46,"column":6},"end":{"line":46,"column":52}},"15":{"start":{"line":48,"column":4},"end":{"line":50,"column":null}},"16":{"start":{"line":49,"column":6},"end":{"line":49,"column":19}},"17":{"start":{"line":52,"column":4},"end":{"line":52,"column":33}},"18":{"start":{"line":56,"column":62},"end":{"line":59,"column":null}},"19":{"start":{"line":57,"column":22},"end":{"line":57,"column":60}},"20":{"start":{"line":58,"column":4},"end":{"line":58,"column":63}},"21":{"start":{"line":61,"column":41},"end":{"line":63,"column":null}},"22":{"start":{"line":62,"column":4},"end":{"line":62,"column":39}},"23":{"start":{"line":66,"column":15},"end":{"line":70,"column":6}},"24":{"start":{"line":71,"column":4},"end":{"line":71,"column":14}},"25":{"start":{"line":74,"column":19},"end":{"line":74,"column":49}},"26":{"start":{"line":75,"column":23},"end":{"line":75,"column":57}},"27":{"start":{"line":76,"column":2},"end":{"line":78,"column":22}},"28":{"start":{"line":81,"column":4},"end":{"line":83,"column":null}},"29":{"start":{"line":82,"column":6},"end":{"line":82,"column":95}},"30":{"start":{"line":85,"column":18},"end":{"line":85,"column":46}},"31":{"start":{"line":86,"column":18},"end":{"line":86,"column":46}},"32":{"start":{"line":87,"column":19},"end":{"line":87,"column":31}},"33":{"start":{"line":88,"column":21},"end":{"line":88,"column":47}},"34":{"start":{"line":90,"column":21},"end":{"line":90,"column":54}},"35":{"start":{"line":93,"column":31},"end":{"line":98,"column":6}},"36":{"start":{"line":101,"column":4},"end":{"line":106,"column":null}},"37":{"start":{"line":102,"column":20},"end":{"line":102,"column":44}},"38":{"start":{"line":103,"column":6},"end":{"line":105,"column":null}},"39":{"start":{"line":104,"column":8},"end":{"line":104,"column":57}},"40":{"start":{"line":109,"column":4},"end":{"line":111,"column":16}},"41":{"start":{"line":110,"column":18},"end":{"line":110,"column":37}},"42":{"start":{"line":115,"column":18},"end":{"line":115,"column":39}},"43":{"start":{"line":118,"column":21},"end":{"line":118,"column":43}},"44":{"start":{"line":119,"column":26},"end":{"line":119,"column":34}},"45":{"start":{"line":122,"column":48},"end":{"line":127,"column":4}},"46":{"start":{"line":128,"column":26},"end":{"line":128,"column":72}},"47":{"start":{"line":131,"column":48},"end":{"line":136,"column":4}},"48":{"start":{"line":137,"column":28},"end":{"line":137,"column":74}},"49":{"start":{"line":139,"column":2},"end":{"line":139,"column":65}},"50":{"start":{"line":145,"column":0},"end":{"line":145,"column":23}}},"fnMap":{"0":{"name":"(anonymous_8)","decl":{"start":{"line":11,"column":14},"end":{"line":11,"column":15}},"loc":{"start":{"line":11,"column":46},"end":{"line":16,"column":1}}},"1":{"name":"(anonymous_9)","decl":{"start":{"line":17,"column":24},"end":{"line":17,"column":25}},"loc":{"start":{"line":17,"column":48},"end":{"line":19,"column":1}}},"2":{"name":"(anonymous_10)","decl":{"start":{"line":21,"column":19},"end":{"line":21,"column":null}},"loc":{"start":{"line":26,"column":6},"end":{"line":38,"column":3}}},"3":{"name":"(anonymous_11)","decl":{"start":{"line":39,"column":19},"end":{"line":39,"column":20}},"loc":{"start":{"line":39,"column":39},"end":{"line":54,"column":5}}},"4":{"name":"(anonymous_12)","decl":{"start":{"line":56,"column":15},"end":{"line":56,"column":22}},"loc":{"start":{"line":56,"column":62},"end":{"line":59,"column":null}}},"5":{"name":"(anonymous_13)","decl":{"start":{"line":56,"column":62},"end":{"line":56,"column":null}},"loc":{"start":{"line":56,"column":62},"end":{"line":59,"column":3}}},"6":{"name":"(anonymous_14)","decl":{"start":{"line":61,"column":15},"end":{"line":61,"column":22}},"loc":{"start":{"line":61,"column":41},"end":{"line":63,"column":null}}},"7":{"name":"(anonymous_15)","decl":{"start":{"line":61,"column":41},"end":{"line":61,"column":null}},"loc":{"start":{"line":61,"column":41},"end":{"line":63,"column":3}}},"8":{"name":"(anonymous_16)","decl":{"start":{"line":65,"column":17},"end":{"line":65,"column":20}},"loc":{"start":{"line":65,"column":22},"end":{"line":72,"column":3}}},"9":{"name":"(anonymous_17)","decl":{"start":{"line":73,"column":2},"end":{"line":73,"column":15}},"loc":{"start":{"line":73,"column":32},"end":{"line":79,"column":3}}},"10":{"name":"(anonymous_18)","decl":{"start":{"line":80,"column":2},"end":{"line":80,"column":18}},"loc":{"start":{"line":80,"column":33},"end":{"line":112,"column":3}}},"11":{"name":"(anonymous_19)","decl":{"start":{"line":110,"column":12},"end":{"line":110,"column":15}},"loc":{"start":{"line":110,"column":18},"end":{"line":110,"column":37}}},"12":{"name":"(anonymous_20)","decl":{"start":{"line":113,"column":2},"end":{"line":113,"column":27}},"loc":{"start":{"line":113,"column":47},"end":{"line":140,"column":1}}}},"branchMap":{"0":{"loc":{"start":{"line":45,"column":4},"end":{"line":47,"column":null}},"type":"if","locations":[{"start":{"line":45,"column":4},"end":{"line":47,"column":null}}]},"1":{"loc":{"start":{"line":45,"column":8},"end":{"line":45,"column":43}},"type":"binary-expr","locations":[{"start":{"line":45,"column":8},"end":{"line":45,"column":25}},{"start":{"line":45,"column":29},"end":{"line":45,"column":43}}]},"2":{"loc":{"start":{"line":48,"column":4},"end":{"line":50,"column":null}},"type":"if","locations":[{"start":{"line":48,"column":4},"end":{"line":50,"column":null}}]},"3":{"loc":{"start":{"line":48,"column":8},"end":{"line":48,"column":43}},"type":"binary-expr","locations":[{"start":{"line":48,"column":8},"end":{"line":48,"column":25}},{"start":{"line":48,"column":29},"end":{"line":48,"column":43}}]},"4":{"loc":{"start":{"line":57,"column":22},"end":{"line":57,"column":60}},"type":"cond-expr","locations":[{"start":{"line":57,"column":45},"end":{"line":57,"column":50}},{"start":{"line":57,"column":53},"end":{"line":57,"column":60}}]},"5":{"loc":{"start":{"line":81,"column":4},"end":{"line":83,"column":null}},"type":"if","locations":[{"start":{"line":81,"column":4},"end":{"line":83,"column":null}}]},"6":{"loc":{"start":{"line":103,"column":6},"end":{"line":105,"column":null}},"type":"if","locations":[{"start":{"line":103,"column":6},"end":{"line":105,"column":null}}]}},"s":{"0":1,"1":1,"2":1,"3":1,"4":1,"5":1,"6":1,"7":1,"8":0,"9":1,"10":2,"11":2,"12":2,"13":2,"14":1,"15":2,"16":1,"17":2,"18":0,"19":0,"20":0,"21":0,"22":0,"23":0,"24":0,"25":1,"26":1,"27":1,"28":1,"29":0,"30":1,"31":1,"32":1,"33":1,"34":1,"35":1,"36":1,"37":6,"38":6,"39":6,"40":1,"41":9,"42":1,"43":1,"44":1,"45":1,"46":1,"47":1,"48":1,"49":1,"50":1},"f":{"0":1,"1":0,"2":1,"3":2,"4":0,"5":0,"6":0,"7":0,"8":0,"9":1,"10":1,"11":9,"12":1},"b":{"0":[1],"1":[2,1],"2":[1],"3":[2,1],"4":[0,0],"5":[0],"6":[6]}}
}
