TN:
SF:src/controllers/web/user.controller.ts
FN:9,(anonymous_8)
FN:9,(anonymous_9)
FN:31,(anonymous_10)
FN:31,(anonymous_11)
FNF:4
FNH:4
FNDA:4,(anonymous_8)
FNDA:4,(anonymous_9)
FNDA:4,(anonymous_10)
FNDA:4,(anonymous_11)
DA:2,1
DA:3,1
DA:8,1
DA:9,4
DA:10,4
DA:11,4
DA:13,4
DA:14,1
DA:15,1
DA:18,3
DA:19,1
DA:21,2
DA:22,1
DA:23,1
DA:26,1
DA:27,1
DA:31,4
DA:32,4
DA:33,4
DA:35,2
DA:36,1
DA:37,1
DA:40,1
DA:42,2
DA:43,1
DA:44,1
DA:47,1
DA:48,1
LF:28
LH:28
BRDA:13,0,0,1
BRDA:13,1,0,4
BRDA:13,1,1,3
BRDA:13,1,2,3
BRDA:21,2,0,1
BRDA:33,3,0,0
BRDA:33,3,1,4
BRDA:33,4,0,4
BRDA:33,4,1,4
BRDA:35,5,0,1
BRDA:42,6,0,1
BRF:11
BRH:10
end_of_record
TN:
SF:src/middelwares/upload.ts
FN:23,uploadToS3
FN:63,handleFileUpload
FN:97,handleMultipleFileUpload
FN:98,(anonymous_14)
FN:102,(anonymous_15)
FN:116,uploadBufferAsFile
FN:144,deleteFromS3
FNF:7
FNH:0
FNDA:0,uploadToS3
FNDA:0,handleFileUpload
FNDA:0,handleMultipleFileUpload
FNDA:0,(anonymous_14)
FNDA:0,(anonymous_15)
FNDA:0,uploadBufferAsFile
FNDA:0,deleteFromS3
DA:2,1
DA:3,1
DA:4,1
DA:5,1
DA:13,1
DA:16,1
DA:28,0
DA:30,0
DA:31,0
DA:33,0
DA:41,0
DA:42,0
DA:43,0
DA:48,0
DA:49,0
DA:51,0
DA:64,0
DA:65,0
DA:66,0
DA:69,0
DA:70,0
DA:73,0
DA:74,0
DA:75,0
DA:77,0
DA:78,0
DA:80,0
DA:82,0
DA:91,0
DA:92,0
DA:98,0
DA:99,0
DA:102,1
DA:103,0
DA:106,0
DA:108,0
DA:110,0
DA:112,0
DA:120,0
DA:122,0
DA:123,0
DA:126,0
DA:127,0
DA:128,0
DA:129,0
DA:134,0
DA:136,0
DA:145,0
DA:147,0
DA:148,0
DA:151,0
DA:155,0
DA:156,0
DA:157,0
DA:160,0
DA:165,1
LF:56
LH:8
BRDA:30,0,0,0
BRDA:48,1,0,0
BRDA:65,2,0,0
BRDA:69,3,0,0
BRDA:73,4,0,0
BRDA:73,4,1,0
BRDA:97,5,0,0
BRDA:103,6,0,0
BRDA:103,6,1,0
BRDA:103,6,2,0
BRDA:103,6,3,0
BRDA:103,6,4,0
BRDA:122,7,0,0
BRDA:126,8,0,0
BRDA:126,8,1,0
BRDA:126,9,0,0
BRDA:126,9,1,0
BRDA:126,10,0,0
BRDA:126,10,1,0
BRDA:127,11,0,0
BRDA:127,11,1,0
BRDA:129,12,0,0
BRDA:129,12,1,0
BRDA:130,13,0,0
BRDA:130,13,1,0
BRDA:147,14,0,0
BRF:26
BRH:0
end_of_record
TN:
SF:src/models/user.ts
FNF:0
FNH:0
DA:1,1
DA:9,1
DA:22,1
DA:24,1
LF:4
LH:4
BRF:0
BRH:0
end_of_record
TN:
SF:src/services/user.service.ts
FN:5,(anonymous_8)
FN:17,(anonymous_9)
FN:35,(anonymous_10)
FN:47,(anonymous_11)
FN:70,(anonymous_12)
FN:81,(anonymous_13)
FN:97,(anonymous_15)
FNF:7
FNH:7
FNDA:5,(anonymous_8)
FNDA:11,(anonymous_9)
FNDA:3,(anonymous_10)
FNDA:4,(anonymous_11)
FNDA:3,(anonymous_12)
FNDA:4,(anonymous_13)
FNDA:3,(anonymous_15)
DA:1,2
DA:2,2
DA:4,2
DA:5,5
DA:6,5
DA:7,5
DA:17,2
DA:18,11
DA:19,0
DA:22,11
DA:23,0
DA:26,11
DA:28,11
DA:29,1
DA:32,10
DA:35,2
DA:36,3
DA:37,2
DA:40,1
DA:41,1
DA:44,0
DA:47,2
DA:48,4
DA:49,4
DA:51,4
DA:52,1
DA:55,3
DA:57,3
DA:70,2
DA:71,3
DA:73,3
DA:80,2
DA:82,4
DA:84,3
DA:88,3
DA:89,1
DA:92,2
DA:94,2
DA:98,3
DA:100,2
DA:102,2
DA:103,1
DA:106,1
LF:43
LH:40
BRDA:18,0,0,0
BRDA:22,1,0,0
BRDA:28,2,0,1
BRDA:36,3,0,2
BRDA:40,4,0,1
BRDA:51,5,0,1
BRDA:88,6,0,1
BRDA:102,7,0,1
BRF:8
BRH:6
end_of_record
TN:
SF:src/utils/helper.ts
FN:11,(anonymous_8)
FN:17,(anonymous_9)
FN:21,(anonymous_10)
FN:39,(anonymous_11)
FN:56,(anonymous_12)
FN:56,(anonymous_13)
FN:61,(anonymous_14)
FN:61,(anonymous_15)
FN:65,(anonymous_16)
FN:73,(anonymous_17)
FN:80,(anonymous_18)
FN:110,(anonymous_19)
FN:113,(anonymous_20)
FNF:13
FNH:7
FNDA:1,(anonymous_8)
FNDA:0,(anonymous_9)
FNDA:1,(anonymous_10)
FNDA:2,(anonymous_11)
FNDA:0,(anonymous_12)
FNDA:0,(anonymous_13)
FNDA:0,(anonymous_14)
FNDA:0,(anonymous_15)
FNDA:0,(anonymous_16)
FNDA:1,(anonymous_17)
FNDA:1,(anonymous_18)
FNDA:9,(anonymous_19)
FNDA:1,(anonymous_20)
DA:1,1
DA:2,1
DA:3,1
DA:10,1
DA:12,1
DA:13,1
DA:14,1
DA:15,1
DA:18,0
DA:27,1
DA:40,2
DA:42,2
DA:43,2
DA:45,2
DA:46,1
DA:48,2
DA:49,1
DA:52,2
DA:56,0
DA:57,0
DA:58,0
DA:61,0
DA:62,0
DA:66,0
DA:71,0
DA:74,1
DA:75,1
DA:76,1
DA:81,1
DA:82,0
DA:85,1
DA:86,1
DA:87,1
DA:88,1
DA:90,1
DA:93,1
DA:101,1
DA:102,6
DA:103,6
DA:104,6
DA:109,1
DA:110,9
DA:115,1
DA:118,1
DA:119,1
DA:122,1
DA:128,1
DA:131,1
DA:137,1
DA:139,1
DA:145,1
LF:51
LH:42
BRDA:45,0,0,1
BRDA:45,1,0,2
BRDA:45,1,1,1
BRDA:48,2,0,1
BRDA:48,3,0,2
BRDA:48,3,1,1
BRDA:57,4,0,0
BRDA:57,4,1,0
BRDA:81,5,0,0
BRDA:103,6,0,6
BRF:10
BRH:7
end_of_record
